Copyright 1986-2022 Xilinx, Inc. All Rights Reserved.
---------------------------------------------------------------------------------------------------
| Tool Version : Vivado v.2022.1 (win64) Build 3526262 Mon Apr 18 15:48:16 MDT 2022
| Date         : Sat Dec  2 22:32:44 2023
| Host         : ITE00611774 running 64-bit major release  (build 9200)
| Command      : report_clock_utilization -file xilinx_pcie_2_1_ep_7x_clock_utilization_routed.rpt
| Design       : xilinx_pcie_2_1_ep_7x
| Device       : 7vx485t-ffg1761
| Speed File   : -2  PRODUCTION 1.12 2014-09-11
| Design State : Routed
---------------------------------------------------------------------------------------------------

Clock Utilization Report

Table of Contents
-----------------
1. Clock Primitive Utilization
2. Global Clock Resources
3. Global Clock Source Details
4. Clock Regions: Key Resource Utilization
5. Clock Regions : Global Clock Summary
6. Device Cell Placement Summary for Global Clock g0
7. Device Cell Placement Summary for Global Clock g1
8. Device Cell Placement Summary for Global Clock g2
9. Device Cell Placement Summary for Global Clock g3
10. Device Cell Placement Summary for Global Clock g4
11. Device Cell Placement Summary for Global Clock g5
12. Clock Region Cell Placement per Global Clock: Region X1Y1
13. Clock Region Cell Placement per Global Clock: Region X0Y2
14. Clock Region Cell Placement per Global Clock: Region X1Y2
15. Clock Region Cell Placement per Global Clock: Region X0Y3

1. Clock Primitive Utilization
------------------------------

+----------+------+-----------+-----+--------------+--------+
| Type     | Used | Available | LOC | Clock Region | Pblock |
+----------+------+-----------+-----+--------------+--------+
| BUFGCTRL |    6 |        32 |   0 |            0 |      0 |
| BUFH     |    0 |       168 |   0 |            0 |      0 |
| BUFIO    |    0 |        56 |   0 |            0 |      0 |
| BUFMR    |    0 |        28 |   0 |            0 |      0 |
| BUFR     |    0 |        56 |   0 |            0 |      0 |
| MMCM     |    1 |        14 |   0 |            0 |      0 |
| PLL      |    0 |        14 |   0 |            0 |      0 |
+----------+------+-----------+-----+--------------+--------+


2. Global Clock Resources
-------------------------

+-----------+-----------+-----------------+------------+---------------+--------------+-------------------+-------------+-----------------+--------------+-----------------+------------------------------------------------------------------------------------------------+-------------------------------------------------------------------------------------------+
| Global Id | Source Id | Driver Type/Pin | Constraint | Site          | Clock Region | Load Clock Region | Clock Loads | Non-Clock Loads | Clock Period | Clock           | Driver Pin                                                                                     | Net                                                                                       |
+-----------+-----------+-----------------+------------+---------------+--------------+-------------------+-------------+-----------------+--------------+-----------------+------------------------------------------------------------------------------------------------+-------------------------------------------------------------------------------------------+
| g0        | src0      | BUFGCTRL/O      | None       | BUFGCTRL_X0Y0 | n/a          |                 2 |        1480 |               0 |        8.000 | clk_125mhz_x1y0 | vc707_pcie_ep_support_i/pipe_clock_i/pclk_i1_bufgctrl.pclk_i1/O                                | vc707_pcie_ep_support_i/pipe_clock_i/pclk_i1_bufgctrl.pclk_i1_0                           |
| g0        | src1      | BUFGCTRL/O      | None       | BUFGCTRL_X0Y0 | n/a          |                 2 |        1480 |               0 |        8.000 | clk_250mhz_x1y0 | vc707_pcie_ep_support_i/pipe_clock_i/pclk_i1_bufgctrl.pclk_i1/O                                | vc707_pcie_ep_support_i/pipe_clock_i/pclk_i1_bufgctrl.pclk_i1_0                           |
| g1        | src0      | BUFG/O          | None       | BUFGCTRL_X0Y2 | n/a          |                 2 |         397 |               0 |        8.000 | clk_125mhz_x1y0 | vc707_pcie_ep_support_i/pipe_clock_i/dclk_i_bufg.dclk_i/O                                      | vc707_pcie_ep_support_i/pipe_clock_i/pipe_dclk_in                                         |
| g2        | src2      | BUFG/O          | None       | BUFGCTRL_X0Y1 | n/a          |                 2 |         795 |               0 |        8.000 | userclk2        | vc707_pcie_ep_support_i/pipe_clock_i/userclk2_i1.usrclk2_i1/O                                  | vc707_pcie_ep_support_i/pipe_clock_i/pipe_userclk2_in                                     |
| g3        | src3      | BUFG/O          | None       | BUFGCTRL_X0Y4 | n/a          |                 1 |          36 |               0 |       10.000 | sys_clk         | vc707_pcie_ep_support_i/vc707_pcie_ep_i/inst/inst/gt_top_i/pipe_wrapper_i/cpllpd_refclk_inst/O | vc707_pcie_ep_support_i/vc707_pcie_ep_i/inst/inst/gt_top_i/pipe_wrapper_i/gt_cpllpdrefclk |
| g4        | src4      | BUFG/O          | None       | BUFGCTRL_X0Y3 | n/a          |                 1 |          17 |               0 |        4.000 | userclk1        | vc707_pcie_ep_support_i/pipe_clock_i/userclk1_i1.usrclk1_i1/O                                  | vc707_pcie_ep_support_i/pipe_clock_i/pipe_userclk1_in                                     |
| g5        | src5      | BUFG/O          | None       | BUFGCTRL_X0Y5 | n/a          |                 1 |           1 |               0 |       10.000 | txoutclk_x1y0   | vc707_pcie_ep_support_i/pipe_clock_i/txoutclk_i.txoutclk_i/O                                   | vc707_pcie_ep_support_i/pipe_clock_i/refclk                                               |
+-----------+-----------+-----------------+------------+---------------+--------------+-------------------+-------------+-----------------+--------------+-----------------+------------------------------------------------------------------------------------------------+-------------------------------------------------------------------------------------------+
* Clock Loads column represents the clock pin loads (pin count). Internal cell leaf pins are not counted
** Non-Clock Loads column represents the non-clock pin loads (pin count)


3. Global Clock Source Details
------------------------------

+-----------+-----------+------------------------+---------------------+---------------------+--------------+-------------+-----------------+---------------------+-----------------+------------------------------------------------------------------------------------------------------------------------------------------+-----------------------------------------------------------------------------------------------------------------------+
| Source Id | Global Id | Driver Type/Pin        | Constraint          | Site                | Clock Region | Clock Loads | Non-Clock Loads | Source Clock Period | Source Clock    | Driver Pin                                                                                                                               | Net                                                                                                                   |
+-----------+-----------+------------------------+---------------------+---------------------+--------------+-------------+-----------------+---------------------+-----------------+------------------------------------------------------------------------------------------------------------------------------------------+-----------------------------------------------------------------------------------------------------------------------+
| src0      | g0        | MMCME2_ADV/CLKOUT0     | None                | MMCME2_ADV_X0Y3     | X0Y3         |           2 |               0 |               8.000 | clk_125mhz_x1y0 | vc707_pcie_ep_support_i/pipe_clock_i/mmcm_i/CLKOUT0                                                                                      | vc707_pcie_ep_support_i/pipe_clock_i/clk_125mhz                                                                       |
| src0      | g1        | MMCME2_ADV/CLKOUT0     | None                | MMCME2_ADV_X0Y3     | X0Y3         |           2 |               0 |               8.000 | clk_125mhz_x1y0 | vc707_pcie_ep_support_i/pipe_clock_i/mmcm_i/CLKOUT0                                                                                      | vc707_pcie_ep_support_i/pipe_clock_i/clk_125mhz                                                                       |
| src1      | g0        | MMCME2_ADV/CLKOUT1     | None                | MMCME2_ADV_X0Y3     | X0Y3         |           0 |               0 |               4.000 | clk_250mhz_x1y0 | vc707_pcie_ep_support_i/pipe_clock_i/mmcm_i/CLKOUT1                                                                                      | vc707_pcie_ep_support_i/pipe_clock_i/clk_250mhz                                                                       |
| src2      | g2        | MMCME2_ADV/CLKOUT3     | None                | MMCME2_ADV_X0Y3     | X0Y3         |           1 |               0 |               8.000 | userclk2        | vc707_pcie_ep_support_i/pipe_clock_i/mmcm_i/CLKOUT3                                                                                      | vc707_pcie_ep_support_i/pipe_clock_i/userclk2                                                                         |
| src3      | g3        | IBUFDS_GTE2/O          | IBUFDS_GTE2_X1Y5    | IBUFDS_GTE2_X1Y5    | X1Y2         |           6 |               0 |              10.000 | sys_clk         | refclk_ibuf/O                                                                                                                            | sys_clk                                                                                                               |
| src4      | g4        | MMCME2_ADV/CLKOUT2     | None                | MMCME2_ADV_X0Y3     | X0Y3         |           1 |               0 |               4.000 | userclk1        | vc707_pcie_ep_support_i/pipe_clock_i/mmcm_i/CLKOUT2                                                                                      | vc707_pcie_ep_support_i/pipe_clock_i/userclk1                                                                         |
| src5      | g5        | GTXE2_CHANNEL/TXOUTCLK | GTXE2_CHANNEL_X1Y11 | GTXE2_CHANNEL_X1Y11 | X1Y2         |           1 |               0 |              10.000 | txoutclk_x1y0   | vc707_pcie_ep_support_i/vc707_pcie_ep_i/inst/inst/gt_top_i/pipe_wrapper_i/pipe_lane[0].gt_wrapper_i/gtx_channel.gtxe2_channel_i/TXOUTCLK | vc707_pcie_ep_support_i/vc707_pcie_ep_i/inst/inst/gt_top_i/pipe_wrapper_i/pipe_lane[0].gt_wrapper_i/pipe_txoutclk_out |
+-----------+-----------+------------------------+---------------------+---------------------+--------------+-------------+-----------------+---------------------+-----------------+------------------------------------------------------------------------------------------------------------------------------------------+-----------------------------------------------------------------------------------------------------------------------+
* Clock Loads column represents the clock pin loads (pin count). Internal cell leaf pins are not counted
** Non-Clock Loads column represents the non-clock pin loads (pin count)


4. Clock Regions: Key Resource Utilization
------------------------------------------

+-------------------+--------------+--------------+--------------+--------------+--------------+--------------+--------------+--------------+--------------+--------------+--------------+--------------+--------------+--------------+--------------+
|                   | Global Clock |     BUFRs    |    BUFMRs    |    BUFIOs    |     MMCM     |      PLL     |      GT      |      PCI     |    ILOGIC    |    OLOGIC    |      FF      |     LUTM     |    RAMB18    |    RAMB36    |    DSP48E2   |
+-------------------+------+-------+------+-------+------+-------+------+-------+------+-------+------+-------+------+-------+------+-------+------+-------+------+-------+------+-------+------+-------+------+-------+------+-------+------+-------+
| Clock Region Name | Used | Avail | Used | Avail | Used | Avail | Used | Avail | Used | Avail | Used | Avail | Used | Avail | Used | Avail | Used | Avail | Used | Avail | Used | Avail | Used | Avail | Used | Avail | Used | Avail | Used | Avail |
+-------------------+------+-------+------+-------+------+-------+------+-------+------+-------+------+-------+------+-------+------+-------+------+-------+------+-------+------+-------+------+-------+------+-------+------+-------+------+-------+
| X0Y0              |    0 |    12 |    0 |     4 |    0 |     2 |    0 |     4 |    0 |     1 |    0 |     1 |    0 |     4 |    0 |     0 |    0 |    50 |    0 |    50 |    0 |  5500 |    0 |  2200 |    0 |   140 |    0 |    70 |    0 |   180 |
| X1Y0              |    0 |    12 |    0 |     4 |    0 |     2 |    0 |     4 |    0 |     1 |    0 |     1 |    0 |     4 |    0 |     0 |    0 |    50 |    0 |    50 |    0 |  5600 |    0 |  2500 |    0 |   160 |    0 |    80 |    0 |   220 |
| X0Y1              |    0 |    12 |    0 |     4 |    0 |     2 |    0 |     4 |    0 |     1 |    0 |     1 |    0 |     4 |    0 |     0 |    0 |    50 |    0 |    50 |    0 |  4900 |    0 |  2200 |    0 |   140 |    0 |    70 |    0 |   180 |
| X1Y1              |    2 |    12 |    0 |     4 |    0 |     2 |    0 |     4 |    0 |     1 |    0 |     1 |    0 |     4 |    0 |     0 |    0 |    50 |    0 |    50 |   64 |  5600 |   30 |  2500 |    0 |   160 |    0 |    80 |    0 |   220 |
| X0Y2              |    1 |    12 |    0 |     4 |    0 |     2 |    0 |     4 |    0 |     1 |    0 |     1 |    0 |     4 |    0 |     1 |    0 |    50 |    0 |    50 |   26 |  4750 |    0 |  2150 |    0 |   130 |    0 |    65 |    0 |   180 |
| X1Y2              |    5 |    12 |    0 |     4 |    0 |     2 |    0 |     4 |    0 |     1 |    0 |     1 |    4 |     4 |    1 |     1 |    0 |    50 |    0 |    50 | 2553 |  5450 |  774 |  2450 |    0 |   150 |   12 |    75 |    0 |   220 |
| X0Y3              |    1 |    12 |    0 |     4 |    0 |     2 |    0 |     4 |    1 |     1 |    0 |     1 |    0 |     4 |    0 |     0 |    0 |    50 |    0 |    50 |    0 |  5500 |    0 |  2200 |    0 |   140 |    0 |    70 |    0 |   180 |
| X1Y3              |    0 |    12 |    0 |     4 |    0 |     2 |    0 |     4 |    0 |     1 |    0 |     1 |    0 |     4 |    0 |     0 |    0 |    50 |    0 |    50 |    0 |  5600 |    0 |  2500 |    0 |   160 |    0 |    80 |    0 |   220 |
| X0Y4              |    0 |    12 |    0 |     4 |    0 |     2 |    0 |     4 |    0 |     1 |    0 |     1 |    0 |     4 |    0 |     0 |    0 |    50 |    0 |    50 |    0 |  5500 |    0 |  2200 |    0 |   140 |    0 |    70 |    0 |   180 |
| X1Y4              |    0 |    12 |    0 |     4 |    0 |     2 |    0 |     4 |    0 |     1 |    0 |     1 |    0 |     4 |    0 |     0 |    0 |    50 |    0 |    50 |    0 |  5600 |    0 |  2500 |    0 |   160 |    0 |    80 |    0 |   220 |
| X0Y5              |    0 |    12 |    0 |     4 |    0 |     2 |    0 |     4 |    0 |     1 |    0 |     1 |    0 |     4 |    0 |     1 |    0 |    50 |    0 |    50 |    0 |  5350 |    0 |  2150 |    0 |   130 |    0 |    65 |    0 |   180 |
| X1Y5              |    0 |    12 |    0 |     4 |    0 |     2 |    0 |     4 |    0 |     1 |    0 |     1 |    0 |     4 |    0 |     1 |    0 |    50 |    0 |    50 |    0 |  5450 |    0 |  2450 |    0 |   150 |    0 |    75 |    0 |   220 |
| X0Y6              |    0 |    12 |    0 |     4 |    0 |     2 |    0 |     4 |    0 |     1 |    0 |     1 |    0 |     4 |    0 |     0 |    0 |    50 |    0 |    50 |    0 |  5500 |    0 |  2200 |    0 |   140 |    0 |    70 |    0 |   180 |
| X1Y6              |    0 |    12 |    0 |     4 |    0 |     2 |    0 |     4 |    0 |     1 |    0 |     1 |    0 |     4 |    0 |     0 |    0 |    50 |    0 |    50 |    0 |  5600 |    0 |  2500 |    0 |   160 |    0 |    80 |    0 |   220 |
+-------------------+------+-------+------+-------+------+-------+------+-------+------+-------+------+-------+------+-------+------+-------+------+-------+------+-------+------+-------+------+-------+------+-------+------+-------+------+-------+
* Global Clock column represents track count; while other columns represents cell counts


5. Clock Regions : Global Clock Summary
---------------------------------------

All Modules
+----+----+----+
|    | X0 | X1 |
+----+----+----+
| Y6 |  0 |  0 |
| Y5 |  0 |  0 |
| Y4 |  0 |  0 |
| Y3 |  1 |  0 |
| Y2 |  1 |  5 |
| Y1 |  0 |  2 |
| Y0 |  0 |  0 |
+----+----+----+


6. Device Cell Placement Summary for Global Clock g0
----------------------------------------------------

+-----------+-----------------+-------------------+----------+-------------+---------------+-------------+----------+----------------+----------+-----------------------------------------------------------------+
| Global Id | Driver Type/Pin | Driver Region (D) | Clock    | Period (ns) | Waveform (ns) | Slice Loads | IO Loads | Clocking Loads | GT Loads | Net                                                             |
+-----------+-----------------+-------------------+----------+-------------+---------------+-------------+----------+----------------+----------+-----------------------------------------------------------------+
| g0        | BUFGCTRL/O      | n/a               | Multiple |       8.000 | {0.000 4.000} |        1464 |        0 |              0 |        4 | vc707_pcie_ep_support_i/pipe_clock_i/pclk_i1_bufgctrl.pclk_i1_0 |
+-----------+-----------------+-------------------+----------+-------------+---------------+-------------+----------+----------------+----------+-----------------------------------------------------------------+
* Slice Loads column represents load cell count of all cell types other than IO, GT and clock resources
** IO Loads column represents load cell count of IO types
*** Clocking Loads column represents load cell count that are clock resources (global clock buffer, MMCM, PLL, etc)
**** GT Loads column represents load cell count of GT types


+----+----+-------+-----------------------+
|    | X0 | X1    | HORIZONTAL PROG DELAY |
+----+----+-------+-----------------------+
| Y6 |  0 |     0 |                     - |
| Y5 |  0 |     0 |                     - |
| Y4 |  0 |     0 |                     - |
| Y3 |  0 |     0 |                     - |
| Y2 |  0 |  1456 |                     0 |
| Y1 |  0 |    12 |                     0 |
| Y0 |  0 |     0 |                     - |
+----+----+-------+-----------------------+


7. Device Cell Placement Summary for Global Clock g1
----------------------------------------------------

+-----------+-----------------+-------------------+-----------------+-------------+---------------+-------------+----------+----------------+----------+---------------------------------------------------+
| Global Id | Driver Type/Pin | Driver Region (D) | Clock           | Period (ns) | Waveform (ns) | Slice Loads | IO Loads | Clocking Loads | GT Loads | Net                                               |
+-----------+-----------------+-------------------+-----------------+-------------+---------------+-------------+----------+----------------+----------+---------------------------------------------------+
| g1        | BUFG/O          | n/a               | clk_125mhz_x1y0 |       8.000 | {0.000 4.000} |         392 |        0 |              0 |        5 | vc707_pcie_ep_support_i/pipe_clock_i/pipe_dclk_in |
+-----------+-----------------+-------------------+-----------------+-------------+---------------+-------------+----------+----------------+----------+---------------------------------------------------+
* Slice Loads column represents load cell count of all cell types other than IO, GT and clock resources
** IO Loads column represents load cell count of IO types
*** Clocking Loads column represents load cell count that are clock resources (global clock buffer, MMCM, PLL, etc)
**** GT Loads column represents load cell count of GT types


+----+----+------+-----------------------+
|    | X0 | X1   | HORIZONTAL PROG DELAY |
+----+----+------+-----------------------+
| Y6 |  0 |    0 |                     - |
| Y5 |  0 |    0 |                     - |
| Y4 |  0 |    0 |                     - |
| Y3 |  0 |    0 |                     - |
| Y2 |  0 |  339 |                     0 |
| Y1 |  0 |   58 |                     0 |
| Y0 |  0 |    0 |                     - |
+----+----+------+-----------------------+


8. Device Cell Placement Summary for Global Clock g2
----------------------------------------------------

+-----------+-----------------+-------------------+----------+-------------+---------------+-------------+----------+----------------+----------+-------------------------------------------------------+
| Global Id | Driver Type/Pin | Driver Region (D) | Clock    | Period (ns) | Waveform (ns) | Slice Loads | IO Loads | Clocking Loads | GT Loads | Net                                                   |
+-----------+-----------------+-------------------+----------+-------------+---------------+-------------+----------+----------------+----------+-------------------------------------------------------+
| g2        | BUFG/O          | n/a               | userclk2 |       8.000 | {0.000 4.000} |         791 |        0 |              0 |        0 | vc707_pcie_ep_support_i/pipe_clock_i/pipe_userclk2_in |
+-----------+-----------------+-------------------+----------+-------------+---------------+-------------+----------+----------------+----------+-------------------------------------------------------+
* Slice Loads column represents load cell count of all cell types other than IO, GT and clock resources
** IO Loads column represents load cell count of IO types
*** Clocking Loads column represents load cell count that are clock resources (global clock buffer, MMCM, PLL, etc)
**** GT Loads column represents load cell count of GT types


+----+-----+------+-----------------------+
|    | X0  | X1   | HORIZONTAL PROG DELAY |
+----+-----+------+-----------------------+
| Y6 |   0 |    0 |                     - |
| Y5 |   0 |    0 |                     - |
| Y4 |   0 |    0 |                     - |
| Y3 |   0 |    0 |                     - |
| Y2 |  26 |  765 |                     0 |
| Y1 |   0 |    0 |                     - |
| Y0 |   0 |    0 |                     - |
+----+-----+------+-----------------------+


9. Device Cell Placement Summary for Global Clock g3
----------------------------------------------------

+-----------+-----------------+-------------------+---------+-------------+---------------+-------------+----------+----------------+----------+-------------------------------------------------------------------------------------------+
| Global Id | Driver Type/Pin | Driver Region (D) | Clock   | Period (ns) | Waveform (ns) | Slice Loads | IO Loads | Clocking Loads | GT Loads | Net                                                                                       |
+-----------+-----------------+-------------------+---------+-------------+---------------+-------------+----------+----------------+----------+-------------------------------------------------------------------------------------------+
| g3        | BUFG/O          | n/a               | sys_clk |      10.000 | {0.000 5.000} |          36 |        0 |              0 |        0 | vc707_pcie_ep_support_i/vc707_pcie_ep_i/inst/inst/gt_top_i/pipe_wrapper_i/gt_cpllpdrefclk |
+-----------+-----------------+-------------------+---------+-------------+---------------+-------------+----------+----------------+----------+-------------------------------------------------------------------------------------------+
* Slice Loads column represents load cell count of all cell types other than IO, GT and clock resources
** IO Loads column represents load cell count of IO types
*** Clocking Loads column represents load cell count that are clock resources (global clock buffer, MMCM, PLL, etc)
**** GT Loads column represents load cell count of GT types


+----+----+-----+-----------------------+
|    | X0 | X1  | HORIZONTAL PROG DELAY |
+----+----+-----+-----------------------+
| Y6 |  0 |   0 |                     - |
| Y5 |  0 |   0 |                     - |
| Y4 |  0 |   0 |                     - |
| Y3 |  0 |   0 |                     - |
| Y2 |  0 |  36 |                     0 |
| Y1 |  0 |   0 |                     - |
| Y0 |  0 |   0 |                     - |
+----+----+-----+-----------------------+


10. Device Cell Placement Summary for Global Clock g4
-----------------------------------------------------

+-----------+-----------------+-------------------+----------+-------------+---------------+-------------+----------+----------------+----------+-------------------------------------------------------+
| Global Id | Driver Type/Pin | Driver Region (D) | Clock    | Period (ns) | Waveform (ns) | Slice Loads | IO Loads | Clocking Loads | GT Loads | Net                                                   |
+-----------+-----------------+-------------------+----------+-------------+---------------+-------------+----------+----------------+----------+-------------------------------------------------------+
| g4        | BUFG/O          | n/a               | userclk1 |       4.000 | {0.000 2.000} |           9 |        0 |              0 |        0 | vc707_pcie_ep_support_i/pipe_clock_i/pipe_userclk1_in |
+-----------+-----------------+-------------------+----------+-------------+---------------+-------------+----------+----------------+----------+-------------------------------------------------------+
* Slice Loads column represents load cell count of all cell types other than IO, GT and clock resources
** IO Loads column represents load cell count of IO types
*** Clocking Loads column represents load cell count that are clock resources (global clock buffer, MMCM, PLL, etc)
**** GT Loads column represents load cell count of GT types


+----+----+----+-----------------------+
|    | X0 | X1 | HORIZONTAL PROG DELAY |
+----+----+----+-----------------------+
| Y6 |  0 |  0 |                     - |
| Y5 |  0 |  0 |                     - |
| Y4 |  0 |  0 |                     - |
| Y3 |  0 |  0 |                     - |
| Y2 |  0 |  9 |                     0 |
| Y1 |  0 |  0 |                     - |
| Y0 |  0 |  0 |                     - |
+----+----+----+-----------------------+


11. Device Cell Placement Summary for Global Clock g5
-----------------------------------------------------

+-----------+-----------------+-------------------+---------------+-------------+---------------+-------------+----------+----------------+----------+---------------------------------------------+
| Global Id | Driver Type/Pin | Driver Region (D) | Clock         | Period (ns) | Waveform (ns) | Slice Loads | IO Loads | Clocking Loads | GT Loads | Net                                         |
+-----------+-----------------+-------------------+---------------+-------------+---------------+-------------+----------+----------------+----------+---------------------------------------------+
| g5        | BUFG/O          | n/a               | txoutclk_x1y0 |      10.000 | {0.000 5.000} |           0 |        0 |              1 |        0 | vc707_pcie_ep_support_i/pipe_clock_i/refclk |
+-----------+-----------------+-------------------+---------------+-------------+---------------+-------------+----------+----------------+----------+---------------------------------------------+
* Slice Loads column represents load cell count of all cell types other than IO, GT and clock resources
** IO Loads column represents load cell count of IO types
*** Clocking Loads column represents load cell count that are clock resources (global clock buffer, MMCM, PLL, etc)
**** GT Loads column represents load cell count of GT types


+----+----+----+-----------------------+
|    | X0 | X1 | HORIZONTAL PROG DELAY |
+----+----+----+-----------------------+
| Y6 |  0 |  0 |                     - |
| Y5 |  0 |  0 |                     - |
| Y4 |  0 |  0 |                     - |
| Y3 |  1 |  0 |                     0 |
| Y2 |  0 |  0 |                     - |
| Y1 |  0 |  0 |                     - |
| Y0 |  0 |  0 |                     - |
+----+----+----+-----------------------+


12. Clock Region Cell Placement per Global Clock: Region X1Y1
-------------------------------------------------------------

+-----------+-------+-----------------+------------+-------------+-----------------+----+-------------+------+-----+----+------+-----+---------+-----------------------------------------------------------------+
| Global Id | Track | Driver Type/Pin | Constraint | Clock Loads | Non-Clock Loads | FF | Memory LUTs | RAMB | DSP | GT | MMCM | PLL | Hard IP | Net                                                             |
+-----------+-------+-----------------+------------+-------------+-----------------+----+-------------+------+-----+----+------+-----+---------+-----------------------------------------------------------------+
| g0        | n/a   | BUFGCTRL/O      | None       |          12 |               0 |  6 |           6 |    0 |   0 |  0 |    0 |   0 |       0 | vc707_pcie_ep_support_i/pipe_clock_i/pclk_i1_bufgctrl.pclk_i1_0 |
| g1        | n/a   | BUFG/O          | None       |          58 |               0 | 58 |           0 |    0 |   0 |  0 |    0 |   0 |       0 | vc707_pcie_ep_support_i/pipe_clock_i/pipe_dclk_in               |
+-----------+-------+-----------------+------------+-------------+-----------------+----+-------------+------+-----+----+------+-----+---------+-----------------------------------------------------------------+
* Clock Loads column represents the clock pin loads (pin count). Internal cell leaf pins are not counted
** Non-Clock Loads column represents the non-clock pin loads (pin count)
*** Columns FF, LUTRAM, RAMB through 'Hard IP' represents load cell counts


13. Clock Region Cell Placement per Global Clock: Region X0Y2
-------------------------------------------------------------

+-----------+-------+-----------------+------------+-------------+-----------------+----+-------------+------+-----+----+------+-----+---------+-------------------------------------------------------+
| Global Id | Track | Driver Type/Pin | Constraint | Clock Loads | Non-Clock Loads | FF | Memory LUTs | RAMB | DSP | GT | MMCM | PLL | Hard IP | Net                                                   |
+-----------+-------+-----------------+------------+-------------+-----------------+----+-------------+------+-----+----+------+-----+---------+-------------------------------------------------------+
| g2        | n/a   | BUFG/O          | None       |          26 |               0 | 26 |           0 |    0 |   0 |  0 |    0 |   0 |       0 | vc707_pcie_ep_support_i/pipe_clock_i/pipe_userclk2_in |
+-----------+-------+-----------------+------------+-------------+-----------------+----+-------------+------+-----+----+------+-----+---------+-------------------------------------------------------+
* Clock Loads column represents the clock pin loads (pin count). Internal cell leaf pins are not counted
** Non-Clock Loads column represents the non-clock pin loads (pin count)
*** Columns FF, LUTRAM, RAMB through 'Hard IP' represents load cell counts


14. Clock Region Cell Placement per Global Clock: Region X1Y2
-------------------------------------------------------------

+-----------+-------+-----------------+------------+-------------+-----------------+------+-------------+------+-----+----+------+-----+---------+-------------------------------------------------------------------------------------------+
| Global Id | Track | Driver Type/Pin | Constraint | Clock Loads | Non-Clock Loads | FF   | Memory LUTs | RAMB | DSP | GT | MMCM | PLL | Hard IP | Net                                                                                       |
+-----------+-------+-----------------+------------+-------------+-----------------+------+-------------+------+-----+----+------+-----+---------+-------------------------------------------------------------------------------------------+
| g0        | n/a   | BUFGCTRL/O      | None       |        1456 |               0 | 1451 |           0 |    0 |   0 |  4 |    0 |   0 |       1 | vc707_pcie_ep_support_i/pipe_clock_i/pclk_i1_bufgctrl.pclk_i1_0                           |
| g2        | n/a   | BUFG/O          | None       |         765 |               0 |  760 |           0 |    4 |   0 |  0 |    0 |   0 |       1 | vc707_pcie_ep_support_i/pipe_clock_i/pipe_userclk2_in                                     |
| g1        | n/a   | BUFG/O          | None       |         339 |               0 |  334 |           0 |    0 |   0 |  4 |    0 |   0 |       0 | vc707_pcie_ep_support_i/pipe_clock_i/pipe_dclk_in                                         |
| g3        | n/a   | BUFG/O          | None       |          36 |               0 |    8 |          28 |    0 |   0 |  0 |    0 |   0 |       0 | vc707_pcie_ep_support_i/vc707_pcie_ep_i/inst/inst/gt_top_i/pipe_wrapper_i/gt_cpllpdrefclk |
| g4        | n/a   | BUFG/O          | None       |           9 |               0 |    0 |           0 |    8 |   0 |  0 |    0 |   0 |       1 | vc707_pcie_ep_support_i/pipe_clock_i/pipe_userclk1_in                                     |
+-----------+-------+-----------------+------------+-------------+-----------------+------+-------------+------+-----+----+------+-----+---------+-------------------------------------------------------------------------------------------+
* Clock Loads column represents the clock pin loads (pin count). Internal cell leaf pins are not counted
** Non-Clock Loads column represents the non-clock pin loads (pin count)
*** Columns FF, LUTRAM, RAMB through 'Hard IP' represents load cell counts


15. Clock Region Cell Placement per Global Clock: Region X0Y3
-------------------------------------------------------------

+-----------+-------+-----------------+------------+-------------+-----------------+----+-------------+------+-----+----+------+-----+---------+---------------------------------------------+
| Global Id | Track | Driver Type/Pin | Constraint | Clock Loads | Non-Clock Loads | FF | Memory LUTs | RAMB | DSP | GT | MMCM | PLL | Hard IP | Net                                         |
+-----------+-------+-----------------+------------+-------------+-----------------+----+-------------+------+-----+----+------+-----+---------+---------------------------------------------+
| g5        | n/a   | BUFG/O          | None       |           1 |               0 |  0 |           0 |    0 |   0 |  0 |    1 |   0 |       0 | vc707_pcie_ep_support_i/pipe_clock_i/refclk |
+-----------+-------+-----------------+------------+-------------+-----------------+----+-------------+------+-----+----+------+-----+---------+---------------------------------------------+
* Clock Loads column represents the clock pin loads (pin count). Internal cell leaf pins are not counted
** Non-Clock Loads column represents the non-clock pin loads (pin count)
*** Columns FF, LUTRAM, RAMB through 'Hard IP' represents load cell counts



# Location of BUFG Primitives 
set_property LOC BUFGCTRL_X0Y4 [get_cells vc707_pcie_ep_support_i/vc707_pcie_ep_i/inst/inst/gt_top_i/pipe_wrapper_i/cpllpd_refclk_inst]
set_property LOC BUFGCTRL_X0Y5 [get_cells vc707_pcie_ep_support_i/pipe_clock_i/txoutclk_i.txoutclk_i]
set_property LOC BUFGCTRL_X0Y1 [get_cells vc707_pcie_ep_support_i/pipe_clock_i/userclk2_i1.usrclk2_i1]
set_property LOC BUFGCTRL_X0Y3 [get_cells vc707_pcie_ep_support_i/pipe_clock_i/userclk1_i1.usrclk1_i1]
set_property LOC BUFGCTRL_X0Y2 [get_cells vc707_pcie_ep_support_i/pipe_clock_i/dclk_i_bufg.dclk_i]
set_property LOC BUFGCTRL_X0Y0 [get_cells vc707_pcie_ep_support_i/pipe_clock_i/pclk_i1_bufgctrl.pclk_i1]

# Location of IO Primitives which is load of clock spine

# Location of clock ports
set_property LOC IPAD_X2Y71 [get_ports sys_clk_n]
set_property LOC IPAD_X2Y70 [get_ports sys_clk_p]

# Clock net "vc707_pcie_ep_support_i/vc707_pcie_ep_i/inst/inst/gt_top_i/pipe_wrapper_i/gt_cpllpdrefclk" driven by instance "vc707_pcie_ep_support_i/vc707_pcie_ep_i/inst/inst/gt_top_i/pipe_wrapper_i/cpllpd_refclk_inst" located at site "BUFGCTRL_X0Y4"
#startgroup
create_pblock {CLKAG_vc707_pcie_ep_support_i/vc707_pcie_ep_i/inst/inst/gt_top_i/pipe_wrapper_i/gt_cpllpdrefclk}
add_cells_to_pblock [get_pblocks  {CLKAG_vc707_pcie_ep_support_i/vc707_pcie_ep_i/inst/inst/gt_top_i/pipe_wrapper_i/gt_cpllpdrefclk}] [get_cells -filter { PRIMITIVE_GROUP != I/O && IS_PRIMITIVE==1 && PRIMITIVE_LEVEL !=INTERNAL } -of_object [get_pins -filter {DIRECTION==IN} -of_objects [get_nets -hierarchical -filter {PARENT=="vc707_pcie_ep_support_i/vc707_pcie_ep_i/inst/inst/gt_top_i/pipe_wrapper_i/gt_cpllpdrefclk"}]]]
resize_pblock [get_pblocks {CLKAG_vc707_pcie_ep_support_i/vc707_pcie_ep_i/inst/inst/gt_top_i/pipe_wrapper_i/gt_cpllpdrefclk}] -add {CLOCKREGION_X1Y2:CLOCKREGION_X1Y2}
#endgroup

# Clock net "vc707_pcie_ep_support_i/pipe_clock_i/pipe_userclk2_in" driven by instance "vc707_pcie_ep_support_i/pipe_clock_i/userclk2_i1.usrclk2_i1" located at site "BUFGCTRL_X0Y1"
#startgroup
create_pblock {CLKAG_vc707_pcie_ep_support_i/pipe_clock_i/pipe_userclk2_in}
add_cells_to_pblock [get_pblocks  {CLKAG_vc707_pcie_ep_support_i/pipe_clock_i/pipe_userclk2_in}] [get_cells -filter { PRIMITIVE_GROUP != I/O && IS_PRIMITIVE==1 && PRIMITIVE_LEVEL !=INTERNAL } -of_object [get_pins -filter {DIRECTION==IN} -of_objects [get_nets -hierarchical -filter {PARENT=="vc707_pcie_ep_support_i/pipe_clock_i/pipe_userclk2_in"}]]]
resize_pblock [get_pblocks {CLKAG_vc707_pcie_ep_support_i/pipe_clock_i/pipe_userclk2_in}] -add {CLOCKREGION_X0Y2:CLOCKREGION_X0Y2 CLOCKREGION_X1Y2:CLOCKREGION_X1Y2}
#endgroup

# Clock net "vc707_pcie_ep_support_i/pipe_clock_i/pipe_userclk1_in" driven by instance "vc707_pcie_ep_support_i/pipe_clock_i/userclk1_i1.usrclk1_i1" located at site "BUFGCTRL_X0Y3"
#startgroup
create_pblock {CLKAG_vc707_pcie_ep_support_i/pipe_clock_i/pipe_userclk1_in}
add_cells_to_pblock [get_pblocks  {CLKAG_vc707_pcie_ep_support_i/pipe_clock_i/pipe_userclk1_in}] [get_cells -filter { PRIMITIVE_GROUP != I/O && IS_PRIMITIVE==1 && PRIMITIVE_LEVEL !=INTERNAL } -of_object [get_pins -filter {DIRECTION==IN} -of_objects [get_nets -hierarchical -filter {PARENT=="vc707_pcie_ep_support_i/pipe_clock_i/pipe_userclk1_in"}]]]
resize_pblock [get_pblocks {CLKAG_vc707_pcie_ep_support_i/pipe_clock_i/pipe_userclk1_in}] -add {CLOCKREGION_X1Y2:CLOCKREGION_X1Y2}
#endgroup

# Clock net "vc707_pcie_ep_support_i/pipe_clock_i/pipe_dclk_in" driven by instance "vc707_pcie_ep_support_i/pipe_clock_i/dclk_i_bufg.dclk_i" located at site "BUFGCTRL_X0Y2"
#startgroup
create_pblock {CLKAG_vc707_pcie_ep_support_i/pipe_clock_i/pipe_dclk_in}
add_cells_to_pblock [get_pblocks  {CLKAG_vc707_pcie_ep_support_i/pipe_clock_i/pipe_dclk_in}] [get_cells -filter { PRIMITIVE_GROUP != I/O && IS_PRIMITIVE==1 && PRIMITIVE_LEVEL !=INTERNAL } -of_object [get_pins -filter {DIRECTION==IN} -of_objects [get_nets -hierarchical -filter {PARENT=="vc707_pcie_ep_support_i/pipe_clock_i/pipe_dclk_in"}]]]
resize_pblock [get_pblocks {CLKAG_vc707_pcie_ep_support_i/pipe_clock_i/pipe_dclk_in}] -add {CLOCKREGION_X1Y1:CLOCKREGION_X1Y1 CLOCKREGION_X1Y2:CLOCKREGION_X1Y2}
#endgroup

# Clock net "vc707_pcie_ep_support_i/pipe_clock_i/pclk_i1_bufgctrl.pclk_i1_0" driven by instance "vc707_pcie_ep_support_i/pipe_clock_i/pclk_i1_bufgctrl.pclk_i1" located at site "BUFGCTRL_X0Y0"
#startgroup
create_pblock {CLKAG_vc707_pcie_ep_support_i/pipe_clock_i/pclk_i1_bufgctrl.pclk_i1_0}
add_cells_to_pblock [get_pblocks  {CLKAG_vc707_pcie_ep_support_i/pipe_clock_i/pclk_i1_bufgctrl.pclk_i1_0}] [get_cells -filter { PRIMITIVE_GROUP != I/O && IS_PRIMITIVE==1 && PRIMITIVE_LEVEL !=INTERNAL } -of_object [get_pins -filter {DIRECTION==IN} -of_objects [get_nets -hierarchical -filter {PARENT=="vc707_pcie_ep_support_i/pipe_clock_i/pclk_i1_bufgctrl.pclk_i1_0"}]]]
resize_pblock [get_pblocks {CLKAG_vc707_pcie_ep_support_i/pipe_clock_i/pclk_i1_bufgctrl.pclk_i1_0}] -add {CLOCKREGION_X1Y1:CLOCKREGION_X1Y1 CLOCKREGION_X1Y2:CLOCKREGION_X1Y2}
#endgroup
