Copyright 1986-2022 Xilinx, Inc. All Rights Reserved.
----------------------------------------------------------------------------------------------------
| Tool Version : Vivado v.2022.1 (win64) Build 3526262 Mon Apr 18 15:48:16 MDT 2022
| Date         : Mon Dec  4 15:08:25 2023
| Host         : Tony-VPI4CJD running 64-bit major release  (build 9200)
| Command      : report_clock_utilization -file xilinx_pcie_3_0_7vx_ep_clock_utilization_routed.rpt
| Design       : xilinx_pcie_3_0_7vx_ep
| Device       : 7vx690t-ffg1761
| Speed File   : -2  PRODUCTION 1.11 2014-09-11
| Design State : Routed
----------------------------------------------------------------------------------------------------

Clock Utilization Report

Table of Contents
-----------------
1. Clock Primitive Utilization
2. Global Clock Resources
3. Global Clock Source Details
4. Local Clock Details
5. Clock Regions: Key Resource Utilization
6. Clock Regions : Global Clock Summary
7. Device Cell Placement Summary for Global Clock g0
8. Device Cell Placement Summary for Global Clock g1
9. Device Cell Placement Summary for Global Clock g2
10. Device Cell Placement Summary for Global Clock g3
11. Device Cell Placement Summary for Global Clock g4
12. Clock Region Cell Placement per Global Clock: Region X1Y4
13. Clock Region Cell Placement per Global Clock: Region X1Y5
14. Clock Region Cell Placement per Global Clock: Region X1Y6
15. Clock Region Cell Placement per Global Clock: Region X1Y7
16. Clock Region Cell Placement per Global Clock: Region X1Y8

1. Clock Primitive Utilization
------------------------------

+----------+------+-----------+-----+--------------+--------+
| Type     | Used | Available | LOC | Clock Region | Pblock |
+----------+------+-----------+-----+--------------+--------+
| BUFGCTRL |    5 |        32 |   0 |            0 |      0 |
| BUFH     |    0 |       240 |   0 |            0 |      0 |
| BUFIO    |    0 |        80 |   0 |            0 |      0 |
| BUFMR    |    0 |        40 |   0 |            0 |      0 |
| BUFR     |    0 |        80 |   0 |            0 |      0 |
| MMCM     |    1 |        20 |   0 |            0 |      0 |
| PLL      |    0 |        20 |   0 |            0 |      0 |
+----------+------+-----------+-----+--------------+--------+


2. Global Clock Resources
-------------------------

+-----------+-----------+-----------------+------------+----------------+--------------+-------------------+-------------+-----------------+--------------+-----------------+-----------------------------------------------------------------------------------------+------------------------------------------------------------------------------------+
| Global Id | Source Id | Driver Type/Pin | Constraint | Site           | Clock Region | Load Clock Region | Clock Loads | Non-Clock Loads | Clock Period | Clock           | Driver Pin                                                                              | Net                                                                                |
+-----------+-----------+-----------------+------------+----------------+--------------+-------------------+-------------+-----------------+--------------+-----------------+-----------------------------------------------------------------------------------------+------------------------------------------------------------------------------------+
| g0        | src0      | BUFGCTRL/O      | None       | BUFGCTRL_X0Y16 | n/a          |                 5 |        1377 |               0 |        8.000 | clk_125mhz_x0y1 | vc709_fmc_ep_support_i/pipe_clock_i/pclk_i1_bufgctrl.pclk_i1/O                          | vc709_fmc_ep_support_i/pipe_clock_i/pclk_i1_bufgctrl.pclk_i1_0                     |
| g0        | src1      | BUFGCTRL/O      | None       | BUFGCTRL_X0Y16 | n/a          |                 5 |        1377 |               0 |        8.000 | clk_250mhz_x0y1 | vc709_fmc_ep_support_i/pipe_clock_i/pclk_i1_bufgctrl.pclk_i1/O                          | vc709_fmc_ep_support_i/pipe_clock_i/pclk_i1_bufgctrl.pclk_i1_0                     |
| g1        | src0      | BUFG/O          | None       | BUFGCTRL_X0Y18 | n/a          |                 3 |         413 |               0 |        8.000 | clk_125mhz_x0y1 | vc709_fmc_ep_support_i/pipe_clock_i/dclk_i_bufg.dclk_i/O                                | vc709_fmc_ep_support_i/pipe_clock_i/pipe_dclk_in                                   |
| g2        | src2      | BUFG/O          | None       | BUFGCTRL_X0Y17 | n/a          |                 3 |         698 |               0 |        8.000 | userclk2        | vc709_fmc_ep_support_i/pipe_clock_i/userclk2_i1.usrclk2_i1/O                            | vc709_fmc_ep_support_i/pipe_clock_i/pipe_userclk2_in                               |
| g3        | src3      | BUFG/O          | None       | BUFGCTRL_X0Y20 | n/a          |                 2 |          36 |               0 |       10.000 | sys_clk         | vc709_fmc_ep_support_i/vc709_fmc_ep_i/inst/gt_top_i/pipe_wrapper_i/cpllpd_refclk_inst/O | vc709_fmc_ep_support_i/vc709_fmc_ep_i/inst/gt_top_i/pipe_wrapper_i/gt_cpllpdrefclk |
| g4        | src4      | BUFG/O          | None       | BUFGCTRL_X0Y19 | n/a          |                 2 |          29 |               0 |        4.000 | userclk1        | vc709_fmc_ep_support_i/pipe_clock_i/userclk1_i1.usrclk1_i1/O                            | vc709_fmc_ep_support_i/pipe_clock_i/pipe_userclk1_in                               |
+-----------+-----------+-----------------+------------+----------------+--------------+-------------------+-------------+-----------------+--------------+-----------------+-----------------------------------------------------------------------------------------+------------------------------------------------------------------------------------+
* Clock Loads column represents the clock pin loads (pin count). Internal cell leaf pins are not counted
** Non-Clock Loads column represents the non-clock pin loads (pin count)


3. Global Clock Source Details
------------------------------

+-----------+-----------+--------------------+-------------------+-------------------+--------------+-------------+-----------------+---------------------+-----------------+----------------------------------------------------+------------------------------------------------+
| Source Id | Global Id | Driver Type/Pin    | Constraint        | Site              | Clock Region | Clock Loads | Non-Clock Loads | Source Clock Period | Source Clock    | Driver Pin                                         | Net                                            |
+-----------+-----------+--------------------+-------------------+-------------------+--------------+-------------+-----------------+---------------------+-----------------+----------------------------------------------------+------------------------------------------------+
| src0      | g0        | MMCME2_ADV/CLKOUT0 | None              | MMCME2_ADV_X1Y8   | X1Y8         |           2 |               0 |               8.000 | clk_125mhz_x0y1 | vc709_fmc_ep_support_i/pipe_clock_i/mmcm_i/CLKOUT0 | vc709_fmc_ep_support_i/pipe_clock_i/clk_125mhz |
| src0      | g1        | MMCME2_ADV/CLKOUT0 | None              | MMCME2_ADV_X1Y8   | X1Y8         |           2 |               0 |               8.000 | clk_125mhz_x0y1 | vc709_fmc_ep_support_i/pipe_clock_i/mmcm_i/CLKOUT0 | vc709_fmc_ep_support_i/pipe_clock_i/clk_125mhz |
| src1      | g0        | MMCME2_ADV/CLKOUT1 | None              | MMCME2_ADV_X1Y8   | X1Y8         |           0 |               0 |               4.000 | clk_250mhz_x0y1 | vc709_fmc_ep_support_i/pipe_clock_i/mmcm_i/CLKOUT1 | vc709_fmc_ep_support_i/pipe_clock_i/clk_250mhz |
| src2      | g2        | MMCME2_ADV/CLKOUT3 | None              | MMCME2_ADV_X1Y8   | X1Y8         |           1 |               0 |               8.000 | userclk2        | vc709_fmc_ep_support_i/pipe_clock_i/mmcm_i/CLKOUT3 | vc709_fmc_ep_support_i/pipe_clock_i/userclk2   |
| src3      | g3        | IBUFDS_GTE2/O      | IBUFDS_GTE2_X1Y16 | IBUFDS_GTE2_X1Y16 | X1Y8         |           6 |               0 |              10.000 | sys_clk         | refclk_ibuf/O                                      | sys_clk                                        |
| src4      | g4        | MMCME2_ADV/CLKOUT2 | None              | MMCME2_ADV_X1Y8   | X1Y8         |           1 |               0 |               4.000 | userclk1        | vc709_fmc_ep_support_i/pipe_clock_i/mmcm_i/CLKOUT2 | vc709_fmc_ep_support_i/pipe_clock_i/userclk1   |
+-----------+-----------+--------------------+-------------------+-------------------+--------------+-------------+-----------------+---------------------+-----------------+----------------------------------------------------+------------------------------------------------+
* Clock Loads column represents the clock pin loads (pin count). Internal cell leaf pins are not counted
** Non-Clock Loads column represents the non-clock pin loads (pin count)


4. Local Clock Details
----------------------

+----------+------------------------+---------------------+-----------------------------------+--------------+-------------+-----------------+--------------+---------------+-----------------------------------------------------------------------------------------------------------------------------------+----------------------------------------------------------------------------------------------------------------+
| Local Id | Driver Type/Pin        | Constraint          | Site/BEL                          | Clock Region | Clock Loads | Non-Clock Loads | Clock Period | Clock         | Driver Pin                                                                                                                        | Net                                                                                                            |
+----------+------------------------+---------------------+-----------------------------------+--------------+-------------+-----------------+--------------+---------------+-----------------------------------------------------------------------------------------------------------------------------------+----------------------------------------------------------------------------------------------------------------||
| 0        | GTHE2_CHANNEL/TXOUTCLK | GTHE2_CHANNEL_X1Y32 | GTHE2_CHANNEL_X1Y32/GTHE2_CHANNEL | X1Y8         |           1 |               0 |       10.000 | txoutclk_x0y1 | vc709_fmc_ep_support_i/vc709_fmc_ep_i/inst/gt_top_i/pipe_wrapper_i/pipe_lane[0].gt_wrapper_i/gth_channel.gthe2_channel_i/TXOUTCLK | vc709_fmc_ep_support_i/vc709_fmc_ep_i/inst/gt_top_i/pipe_wrapper_i/pipe_lane[0].gt_wrapper_i/pipe_txoutclk_out - Static -
| 1        | FDRE/Q                 | None                | SLICE_X213Y402/BFF                | X1Y8         |           1 |               0 |              |               | vc709_fmc_ep_support_i/vc709_fmc_ep_i/inst/gt_top_i/pipe_wrapper_i/pipe_lane[0].pipe_user_i/oobclk_div.oobclk_reg/Q               | vc709_fmc_ep_support_i/vc709_fmc_ep_i/inst/gt_top_i/pipe_wrapper_i/pipe_lane[0].pipe_user_i/USER_OOBCLK        - Static -
| 2        | FDRE/Q                 | None                | SLICE_X215Y399/CFF                | X1Y7         |           1 |               0 |              |               | vc709_fmc_ep_support_i/vc709_fmc_ep_i/inst/gt_top_i/pipe_wrapper_i/pipe_lane[1].pipe_user_i/oobclk_div.oobclk_reg/Q               | vc709_fmc_ep_support_i/vc709_fmc_ep_i/inst/gt_top_i/pipe_wrapper_i/pipe_lane[1].pipe_user_i/USER_OOBCLK        - Static -
| 3        | FDRE/Q                 | None                | SLICE_X209Y407/BFF                | X1Y8         |           1 |               0 |              |               | vc709_fmc_ep_support_i/vc709_fmc_ep_i/inst/gt_top_i/pipe_wrapper_i/pipe_lane[2].pipe_user_i/oobclk_div.oobclk_reg/Q               | vc709_fmc_ep_support_i/vc709_fmc_ep_i/inst/gt_top_i/pipe_wrapper_i/pipe_lane[2].pipe_user_i/USER_OOBCLK        - Static -
| 4        | FDRE/Q                 | None                | SLICE_X208Y407/BFF                | X1Y8         |           1 |               0 |              |               | vc709_fmc_ep_support_i/vc709_fmc_ep_i/inst/gt_top_i/pipe_wrapper_i/pipe_lane[3].pipe_user_i/oobclk_div.oobclk_reg/Q               | vc709_fmc_ep_support_i/vc709_fmc_ep_i/inst/gt_top_i/pipe_wrapper_i/pipe_lane[3].pipe_user_i/USER_OOBCLK        - Static -
+----------+------------------------+---------------------+-----------------------------------+--------------+-------------+-----------------+--------------+---------------+-----------------------------------------------------------------------------------------------------------------------------------+----------------------------------------------------------------------------------------------------------------||
* Local Clocks in this context represents only clocks driven by non-global buffers
** Clock Loads column represents the clock pin loads (pin count). Internal cell leaf pins are not counted
*** Non-Clock Loads column represents the non-clock pin loads (pin count)


5. Clock Regions: Key Resource Utilization
------------------------------------------

+-------------------+--------------+--------------+--------------+--------------+--------------+--------------+--------------+--------------+--------------+--------------+--------------+--------------+--------------+--------------+--------------+
|                   | Global Clock |     BUFRs    |    BUFMRs    |    BUFIOs    |     MMCM     |      PLL     |      GT      |      PCI     |    ILOGIC    |    OLOGIC    |      FF      |     LUTM     |    RAMB18    |    RAMB36    |    DSP48E2   |
+-------------------+------+-------+------+-------+------+-------+------+-------+------+-------+------+-------+------+-------+------+-------+------+-------+------+-------+------+-------+------+-------+------+-------+------+-------+------+-------+
| Clock Region Name | Used | Avail | Used | Avail | Used | Avail | Used | Avail | Used | Avail | Used | Avail | Used | Avail | Used | Avail | Used | Avail | Used | Avail | Used | Avail | Used | Avail | Used | Avail | Used | Avail | Used | Avail |
+-------------------+------+-------+------+-------+------+-------+------+-------+------+-------+------+-------+------+-------+------+-------+------+-------+------+-------+------+-------+------+-------+------+-------+------+-------+------+-------+
| X0Y0              |    0 |    12 |    0 |     4 |    0 |     2 |    0 |     4 |    0 |     1 |    0 |     1 |    0 |     4 |    0 |     0 |    0 |    50 |    0 |    50 |    0 |  5300 |    0 |  1850 |    0 |   140 |    0 |    70 |    0 |   140 |
| X1Y0              |    0 |    12 |    0 |     4 |    0 |     2 |    0 |     4 |    0 |     1 |    0 |     1 |    0 |     4 |    0 |     0 |    0 |    50 |    0 |    50 |    0 |  5800 |    0 |  2550 |    0 |   160 |    0 |    80 |    0 |   220 |
| X0Y1              |    0 |    12 |    0 |     4 |    0 |     2 |    0 |     4 |    0 |     1 |    0 |     1 |    0 |     4 |    0 |     0 |    0 |    50 |    0 |    50 |    0 |  5300 |    0 |  1850 |    0 |   140 |    0 |    70 |    0 |   140 |
| X1Y1              |    0 |    12 |    0 |     4 |    0 |     2 |    0 |     4 |    0 |     1 |    0 |     1 |    0 |     4 |    0 |     0 |    0 |    50 |    0 |    50 |    0 |  5550 |    0 |  2475 |    0 |   150 |    0 |    75 |    0 |   220 |
| X0Y2              |    0 |    12 |    0 |     4 |    0 |     2 |    0 |     4 |    0 |     1 |    0 |     1 |    0 |     4 |    0 |     0 |    0 |    50 |    0 |    50 |    0 |  5300 |    0 |  1850 |    0 |   140 |    0 |    70 |    0 |   140 |
| X1Y2              |    0 |    12 |    0 |     4 |    0 |     2 |    0 |     4 |    0 |     1 |    0 |     1 |    0 |     4 |    0 |     1 |    0 |    50 |    0 |    50 |    0 |  5550 |    0 |  2475 |    0 |   150 |    0 |    75 |    0 |   220 |
| X0Y3              |    0 |    12 |    0 |     4 |    0 |     2 |    0 |     4 |    0 |     1 |    0 |     1 |    0 |     4 |    0 |     0 |    0 |    50 |    0 |    50 |    0 |  5300 |    0 |  1850 |    0 |   140 |    0 |    70 |    0 |   140 |
| X1Y3              |    0 |    12 |    0 |     4 |    0 |     2 |    0 |     4 |    0 |     1 |    0 |     1 |    0 |     4 |    0 |     0 |    0 |    50 |    0 |    50 |    0 |  5800 |    0 |  2550 |    0 |   160 |    0 |    80 |    0 |   220 |
| X0Y4              |    0 |    12 |    0 |     4 |    0 |     2 |    0 |     4 |    0 |     1 |    0 |     1 |    0 |     4 |    0 |     0 |    0 |    50 |    0 |    50 |    0 |  4700 |    0 |  1850 |    0 |   140 |    0 |    70 |    0 |   140 |
| X1Y4              |    3 |    12 |    0 |     4 |    0 |     2 |    0 |     4 |    0 |     1 |    0 |     1 |    0 |     4 |    0 |     0 |    0 |    50 |    0 |    50 |  954 |  5550 |  347 |  2475 |    2 |   150 |    6 |    75 |    0 |   220 |
| X0Y5              |    0 |    12 |    0 |     4 |    0 |     2 |    0 |     4 |    0 |     1 |    0 |     1 |    0 |     4 |    0 |     0 |    0 |    50 |    0 |    50 |    0 |  4700 |    0 |  1850 |    0 |   140 |    0 |    70 |    0 |   140 |
| X1Y5              |    3 |    12 |    0 |     4 |    0 |     2 |    0 |     4 |    0 |     1 |    0 |     1 |    0 |     4 |    1 |     1 |    0 |    50 |    0 |    50 |  375 |  5550 |  174 |  2475 |    0 |   150 |    5 |    75 |    0 |   220 |
| X0Y6              |    0 |    12 |    0 |     4 |    0 |     2 |    0 |     4 |    0 |     1 |    0 |     1 |    0 |     4 |    0 |     0 |    0 |    50 |    0 |    50 |    0 |  5300 |    0 |  1850 |    0 |   140 |    0 |    70 |    0 |   140 |
| X1Y6              |    3 |    12 |    0 |     4 |    0 |     2 |    0 |     4 |    0 |     1 |    0 |     1 |    0 |     4 |    0 |     0 |    0 |    50 |    0 |    50 |  240 |  5800 |  104 |  2550 |    0 |   160 |    0 |    80 |    0 |   220 |
| X0Y7              |    0 |    12 |    0 |     4 |    0 |     2 |    0 |     4 |    0 |     1 |    0 |     1 |    0 |     4 |    0 |     0 |    0 |    50 |    0 |    50 |    0 |  5300 |    0 |  1850 |    0 |   140 |    0 |    70 |    0 |   140 |
| X1Y7              |    3 |    12 |    0 |     4 |    0 |     2 |    0 |     4 |    0 |     1 |    0 |     1 |    0 |     4 |    0 |     0 |    0 |    50 |    0 |    50 |  162 |  5550 |   46 |  2475 |    0 |   150 |    0 |    75 |    0 |   220 |
| X0Y8              |    0 |    12 |    0 |     4 |    0 |     2 |    0 |     4 |    0 |     1 |    0 |     1 |    0 |     4 |    0 |     0 |    0 |    50 |    0 |    50 |    0 |  5300 |    0 |  1850 |    0 |   140 |    0 |    70 |    0 |   140 |
| X1Y8              |    3 |    12 |    0 |     4 |    0 |     2 |    0 |     4 |    1 |     1 |    0 |     1 |    4 |     4 |    0 |     1 |    0 |    50 |    0 |    50 |  735 |  5550 |  251 |  2475 |    0 |   150 |    0 |    75 |    0 |   220 |
| X0Y9              |    0 |    12 |    0 |     4 |    0 |     2 |    0 |     4 |    0 |     1 |    0 |     1 |    0 |     4 |    0 |     0 |    0 |    50 |    0 |    50 |    0 |  5300 |    0 |  1850 |    0 |   140 |    0 |    70 |    0 |   140 |
| X1Y9              |    0 |    12 |    0 |     4 |    0 |     2 |    0 |     4 |    0 |     1 |    0 |     1 |    0 |     4 |    0 |     0 |    0 |    50 |    0 |    50 |    0 |  5800 |    0 |  2550 |    0 |   160 |    0 |    80 |    0 |   220 |
+-------------------+------+-------+------+-------+------+-------+------+-------+------+-------+------+-------+------+-------+------+-------+------+-------+------+-------+------+-------+------+-------+------+-------+------+-------+------+-------+
* Global Clock column represents track count; while other columns represents cell counts


6. Clock Regions : Global Clock Summary
---------------------------------------

All Modules
+----+----+----+
|    | X0 | X1 |
+----+----+----+
| Y9 |  0 |  0 |
| Y8 |  0 |  3 |
| Y7 |  0 |  3 |
| Y6 |  0 |  3 |
| Y5 |  0 |  3 |
| Y4 |  0 |  3 |
| Y3 |  0 |  0 |
| Y2 |  0 |  0 |
| Y1 |  0 |  0 |
| Y0 |  0 |  0 |
+----+----+----+


7. Device Cell Placement Summary for Global Clock g0
----------------------------------------------------

+-----------+-----------------+-------------------+----------+-------------+---------------+-------------+----------+----------------+----------+----------------------------------------------------------------+
| Global Id | Driver Type/Pin | Driver Region (D) | Clock    | Period (ns) | Waveform (ns) | Slice Loads | IO Loads | Clocking Loads | GT Loads | Net                                                            |
+-----------+-----------------+-------------------+----------+-------------+---------------+-------------+----------+----------------+----------+----------------------------------------------------------------+
| g0        | BUFGCTRL/O      | n/a               | Multiple |       8.000 | {0.000 4.000} |        1360 |        0 |              0 |        4 | vc709_fmc_ep_support_i/pipe_clock_i/pclk_i1_bufgctrl.pclk_i1_0 |
+-----------+-----------------+-------------------+----------+-------------+---------------+-------------+----------+----------------+----------+----------------------------------------------------------------+
* Slice Loads column represents load cell count of all cell types other than IO, GT and clock resources
** IO Loads column represents load cell count of IO types
*** Clocking Loads column represents load cell count that are clock resources (global clock buffer, MMCM, PLL, etc)
**** GT Loads column represents load cell count of GT types


+----+----+------+-----------------------+
|    | X0 | X1   | HORIZONTAL PROG DELAY |
+----+----+------+-----------------------+
| Y9 |  0 |    0 |                     - |
| Y8 |  0 |  345 |                     0 |
| Y7 |  0 |  142 |                     0 |
| Y6 |  0 |  210 |                     0 |
| Y5 |  0 |  319 |                     0 |
| Y4 |  0 |  348 |                     0 |
| Y3 |  0 |    0 |                     - |
| Y2 |  0 |    0 |                     - |
| Y1 |  0 |    0 |                     - |
| Y0 |  0 |    0 |                     - |
+----+----+------+-----------------------+


8. Device Cell Placement Summary for Global Clock g1
----------------------------------------------------

+-----------+-----------------+-------------------+-----------------+-------------+---------------+-------------+----------+----------------+----------+--------------------------------------------------+
| Global Id | Driver Type/Pin | Driver Region (D) | Clock           | Period (ns) | Waveform (ns) | Slice Loads | IO Loads | Clocking Loads | GT Loads | Net                                              |
+-----------+-----------------+-------------------+-----------------+-------------+---------------+-------------+----------+----------------+----------+--------------------------------------------------+
| g1        | BUFG/O          | n/a               | clk_125mhz_x0y1 |       8.000 | {0.000 4.000} |         408 |        0 |              0 |        5 | vc709_fmc_ep_support_i/pipe_clock_i/pipe_dclk_in |
+-----------+-----------------+-------------------+-----------------+-------------+---------------+-------------+----------+----------------+----------+--------------------------------------------------+
* Slice Loads column represents load cell count of all cell types other than IO, GT and clock resources
** IO Loads column represents load cell count of IO types
*** Clocking Loads column represents load cell count that are clock resources (global clock buffer, MMCM, PLL, etc)
**** GT Loads column represents load cell count of GT types


+----+----+------+-----------------------+
|    | X0 | X1   | HORIZONTAL PROG DELAY |
+----+----+------+-----------------------+
| Y9 |  0 |    0 |                     - |
| Y8 |  0 |  392 |                     0 |
| Y7 |  0 |   19 |                     0 |
| Y6 |  0 |    2 |                     0 |
| Y5 |  0 |    0 |                     - |
| Y4 |  0 |    0 |                     - |
| Y3 |  0 |    0 |                     - |
| Y2 |  0 |    0 |                     - |
| Y1 |  0 |    0 |                     - |
| Y0 |  0 |    0 |                     - |
+----+----+------+-----------------------+


9. Device Cell Placement Summary for Global Clock g2
----------------------------------------------------

+-----------+-----------------+-------------------+----------+-------------+---------------+-------------+----------+----------------+----------+------------------------------------------------------+
| Global Id | Driver Type/Pin | Driver Region (D) | Clock    | Period (ns) | Waveform (ns) | Slice Loads | IO Loads | Clocking Loads | GT Loads | Net                                                  |
+-----------+-----------------+-------------------+----------+-------------+---------------+-------------+----------+----------------+----------+------------------------------------------------------+
| g2        | BUFG/O          | n/a               | userclk2 |       8.000 | {0.000 4.000} |         693 |        0 |              0 |        0 | vc709_fmc_ep_support_i/pipe_clock_i/pipe_userclk2_in |
+-----------+-----------------+-------------------+----------+-------------+---------------+-------------+----------+----------------+----------+------------------------------------------------------+
* Slice Loads column represents load cell count of all cell types other than IO, GT and clock resources
** IO Loads column represents load cell count of IO types
*** Clocking Loads column represents load cell count that are clock resources (global clock buffer, MMCM, PLL, etc)
**** GT Loads column represents load cell count of GT types


+----+----+------+-----------------------+
|    | X0 | X1   | HORIZONTAL PROG DELAY |
+----+----+------+-----------------------+
| Y9 |  0 |    0 |                     - |
| Y8 |  0 |    0 |                     - |
| Y7 |  0 |    0 |                     - |
| Y6 |  0 |   28 |                     0 |
| Y5 |  0 |   55 |                     0 |
| Y4 |  0 |  610 |                     0 |
| Y3 |  0 |    0 |                     - |
| Y2 |  0 |    0 |                     - |
| Y1 |  0 |    0 |                     - |
| Y0 |  0 |    0 |                     - |
+----+----+------+-----------------------+


10. Device Cell Placement Summary for Global Clock g3
-----------------------------------------------------

+-----------+-----------------+-------------------+---------+-------------+---------------+-------------+----------+----------------+----------+------------------------------------------------------------------------------------+
| Global Id | Driver Type/Pin | Driver Region (D) | Clock   | Period (ns) | Waveform (ns) | Slice Loads | IO Loads | Clocking Loads | GT Loads | Net                                                                                |
+-----------+-----------------+-------------------+---------+-------------+---------------+-------------+----------+----------------+----------+------------------------------------------------------------------------------------+
| g3        | BUFG/O          | n/a               | sys_clk |      10.000 | {0.000 5.000} |          36 |        0 |              0 |        0 | vc709_fmc_ep_support_i/vc709_fmc_ep_i/inst/gt_top_i/pipe_wrapper_i/gt_cpllpdrefclk |
+-----------+-----------------+-------------------+---------+-------------+---------------+-------------+----------+----------------+----------+------------------------------------------------------------------------------------+
* Slice Loads column represents load cell count of all cell types other than IO, GT and clock resources
** IO Loads column represents load cell count of IO types
*** Clocking Loads column represents load cell count that are clock resources (global clock buffer, MMCM, PLL, etc)
**** GT Loads column represents load cell count of GT types


+----+----+-----+-----------------------+
|    | X0 | X1  | HORIZONTAL PROG DELAY |
+----+----+-----+-----------------------+
| Y9 |  0 |   0 |                     - |
| Y8 |  0 |  32 |                     0 |
| Y7 |  0 |   4 |                     0 |
| Y6 |  0 |   0 |                     - |
| Y5 |  0 |   0 |                     - |
| Y4 |  0 |   0 |                     - |
| Y3 |  0 |   0 |                     - |
| Y2 |  0 |   0 |                     - |
| Y1 |  0 |   0 |                     - |
| Y0 |  0 |   0 |                     - |
+----+----+-----+-----------------------+


11. Device Cell Placement Summary for Global Clock g4
-----------------------------------------------------

+-----------+-----------------+-------------------+----------+-------------+---------------+-------------+----------+----------------+----------+------------------------------------------------------+
| Global Id | Driver Type/Pin | Driver Region (D) | Clock    | Period (ns) | Waveform (ns) | Slice Loads | IO Loads | Clocking Loads | GT Loads | Net                                                  |
+-----------+-----------------+-------------------+----------+-------------+---------------+-------------+----------+----------------+----------+------------------------------------------------------+
| g4        | BUFG/O          | n/a               | userclk1 |       4.000 | {0.000 2.000} |          15 |        0 |              0 |        0 | vc709_fmc_ep_support_i/pipe_clock_i/pipe_userclk1_in |
+-----------+-----------------+-------------------+----------+-------------+---------------+-------------+----------+----------------+----------+------------------------------------------------------+
* Slice Loads column represents load cell count of all cell types other than IO, GT and clock resources
** IO Loads column represents load cell count of IO types
*** Clocking Loads column represents load cell count that are clock resources (global clock buffer, MMCM, PLL, etc)
**** GT Loads column represents load cell count of GT types


+----+----+----+-----------------------+
|    | X0 | X1 | HORIZONTAL PROG DELAY |
+----+----+----+-----------------------+
| Y9 |  0 |  0 |                     - |
| Y8 |  0 |  0 |                     - |
| Y7 |  0 |  0 |                     - |
| Y6 |  0 |  0 |                     - |
| Y5 |  0 |  9 |                     0 |
| Y4 |  0 |  6 |                     0 |
| Y3 |  0 |  0 |                     - |
| Y2 |  0 |  0 |                     - |
| Y1 |  0 |  0 |                     - |
| Y0 |  0 |  0 |                     - |
+----+----+----+-----------------------+


12. Clock Region Cell Placement per Global Clock: Region X1Y4
-------------------------------------------------------------

+-----------+-------+-----------------+------------+-------------+-----------------+-----+-------------+------+-----+----+------+-----+---------+----------------------------------------------------------------+
| Global Id | Track | Driver Type/Pin | Constraint | Clock Loads | Non-Clock Loads | FF  | Memory LUTs | RAMB | DSP | GT | MMCM | PLL | Hard IP | Net                                                            |
+-----------+-------+-----------------+------------+-------------+-----------------+-----+-------------+------+-----+----+------+-----+---------+----------------------------------------------------------------+
| g0        | n/a   | BUFGCTRL/O      | None       |         348 |               0 | 348 |           0 |    0 |   0 |  0 |    0 |   0 |       0 | vc709_fmc_ep_support_i/pipe_clock_i/pclk_i1_bufgctrl.pclk_i1_0 |
| g2        | n/a   | BUFG/O          | None       |         610 |               0 | 606 |           0 |    4 |   0 |  0 |    0 |   0 |       0 | vc709_fmc_ep_support_i/pipe_clock_i/pipe_userclk2_in           |
| g4        | n/a   | BUFG/O          | None       |           6 |               0 |   0 |           0 |    4 |   0 |  0 |    0 |   0 |       0 | vc709_fmc_ep_support_i/pipe_clock_i/pipe_userclk1_in           |
+-----------+-------+-----------------+------------+-------------+-----------------+-----+-------------+------+-----+----+------+-----+---------+----------------------------------------------------------------+
* Clock Loads column represents the clock pin loads (pin count). Internal cell leaf pins are not counted
** Non-Clock Loads column represents the non-clock pin loads (pin count)
*** Columns FF, LUTRAM, RAMB through 'Hard IP' represents load cell counts


13. Clock Region Cell Placement per Global Clock: Region X1Y5
-------------------------------------------------------------

+-----------+-------+-----------------+------------+-------------+-----------------+-----+-------------+------+-----+----+------+-----+---------+----------------------------------------------------------------+
| Global Id | Track | Driver Type/Pin | Constraint | Clock Loads | Non-Clock Loads | FF  | Memory LUTs | RAMB | DSP | GT | MMCM | PLL | Hard IP | Net                                                            |
+-----------+-------+-----------------+------------+-------------+-----------------+-----+-------------+------+-----+----+------+-----+---------+----------------------------------------------------------------+
| g0        | n/a   | BUFGCTRL/O      | None       |         319 |               0 | 318 |           0 |    0 |   0 |  0 |    0 |   0 |       1 | vc709_fmc_ep_support_i/pipe_clock_i/pclk_i1_bufgctrl.pclk_i1_0 |
| g2        | n/a   | BUFG/O          | None       |          55 |               0 |  53 |           0 |    1 |   0 |  0 |    0 |   0 |       1 | vc709_fmc_ep_support_i/pipe_clock_i/pipe_userclk2_in           |
| g4        | n/a   | BUFG/O          | None       |           9 |               0 |   4 |           0 |    4 |   0 |  0 |    0 |   0 |       1 | vc709_fmc_ep_support_i/pipe_clock_i/pipe_userclk1_in           |
+-----------+-------+-----------------+------------+-------------+-----------------+-----+-------------+------+-----+----+------+-----+---------+----------------------------------------------------------------+
* Clock Loads column represents the clock pin loads (pin count). Internal cell leaf pins are not counted
** Non-Clock Loads column represents the non-clock pin loads (pin count)
*** Columns FF, LUTRAM, RAMB through 'Hard IP' represents load cell counts


14. Clock Region Cell Placement per Global Clock: Region X1Y6
-------------------------------------------------------------

+-----------+-------+-----------------+------------+-------------+-----------------+-----+-------------+------+-----+----+------+-----+---------+----------------------------------------------------------------+
| Global Id | Track | Driver Type/Pin | Constraint | Clock Loads | Non-Clock Loads | FF  | Memory LUTs | RAMB | DSP | GT | MMCM | PLL | Hard IP | Net                                                            |
+-----------+-------+-----------------+------------+-------------+-----------------+-----+-------------+------+-----+----+------+-----+---------+----------------------------------------------------------------+
| g0        | n/a   | BUFGCTRL/O      | None       |         210 |               0 | 210 |           0 |    0 |   0 |  0 |    0 |   0 |       0 | vc709_fmc_ep_support_i/pipe_clock_i/pclk_i1_bufgctrl.pclk_i1_0 |
| g2        | n/a   | BUFG/O          | None       |          28 |               0 |  28 |           0 |    0 |   0 |  0 |    0 |   0 |       0 | vc709_fmc_ep_support_i/pipe_clock_i/pipe_userclk2_in           |
| g1        | n/a   | BUFG/O          | None       |           2 |               0 |   2 |           0 |    0 |   0 |  0 |    0 |   0 |       0 | vc709_fmc_ep_support_i/pipe_clock_i/pipe_dclk_in               |
+-----------+-------+-----------------+------------+-------------+-----------------+-----+-------------+------+-----+----+------+-----+---------+----------------------------------------------------------------+
* Clock Loads column represents the clock pin loads (pin count). Internal cell leaf pins are not counted
** Non-Clock Loads column represents the non-clock pin loads (pin count)
*** Columns FF, LUTRAM, RAMB through 'Hard IP' represents load cell counts


15. Clock Region Cell Placement per Global Clock: Region X1Y7
-------------------------------------------------------------

+-----------+-------+-----------------+------------+-------------+-----------------+-----+-------------+------+-----+----+------+-----+---------+------------------------------------------------------------------------------------+
| Global Id | Track | Driver Type/Pin | Constraint | Clock Loads | Non-Clock Loads | FF  | Memory LUTs | RAMB | DSP | GT | MMCM | PLL | Hard IP | Net                                                                                |
+-----------+-------+-----------------+------------+-------------+-----------------+-----+-------------+------+-----+----+------+-----+---------+------------------------------------------------------------------------------------+
| g0        | n/a   | BUFGCTRL/O      | None       |         142 |               0 | 142 |           0 |    0 |   0 |  0 |    0 |   0 |       0 | vc709_fmc_ep_support_i/pipe_clock_i/pclk_i1_bufgctrl.pclk_i1_0                     |
| g1        | n/a   | BUFG/O          | None       |          19 |               0 |  19 |           0 |    0 |   0 |  0 |    0 |   0 |       0 | vc709_fmc_ep_support_i/pipe_clock_i/pipe_dclk_in                                   |
| g3        | n/a   | BUFG/O          | None       |           4 |               0 |   1 |           3 |    0 |   0 |  0 |    0 |   0 |       0 | vc709_fmc_ep_support_i/vc709_fmc_ep_i/inst/gt_top_i/pipe_wrapper_i/gt_cpllpdrefclk |
+-----------+-------+-----------------+------------+-------------+-----------------+-----+-------------+------+-----+----+------+-----+---------+------------------------------------------------------------------------------------+
* Clock Loads column represents the clock pin loads (pin count). Internal cell leaf pins are not counted
** Non-Clock Loads column represents the non-clock pin loads (pin count)
*** Columns FF, LUTRAM, RAMB through 'Hard IP' represents load cell counts


16. Clock Region Cell Placement per Global Clock: Region X1Y8
-------------------------------------------------------------

+-----------+-------+-----------------+------------+-------------+-----------------+-----+-------------+------+-----+----+------+-----+---------+------------------------------------------------------------------------------------+
| Global Id | Track | Driver Type/Pin | Constraint | Clock Loads | Non-Clock Loads | FF  | Memory LUTs | RAMB | DSP | GT | MMCM | PLL | Hard IP | Net                                                                                |
+-----------+-------+-----------------+------------+-------------+-----------------+-----+-------------+------+-----+----+------+-----+---------+------------------------------------------------------------------------------------+
| g0        | n/a   | BUFGCTRL/O      | None       |         345 |               0 | 341 |           0 |    0 |   0 |  4 |    0 |   0 |       0 | vc709_fmc_ep_support_i/pipe_clock_i/pclk_i1_bufgctrl.pclk_i1_0                     |
| g1        | n/a   | BUFG/O          | None       |         392 |               0 | 387 |           0 |    0 |   0 |  4 |    0 |   0 |       0 | vc709_fmc_ep_support_i/pipe_clock_i/pipe_dclk_in                                   |
| g3        | n/a   | BUFG/O          | None       |          32 |               0 |   7 |          25 |    0 |   0 |  0 |    0 |   0 |       0 | vc709_fmc_ep_support_i/vc709_fmc_ep_i/inst/gt_top_i/pipe_wrapper_i/gt_cpllpdrefclk |
+-----------+-------+-----------------+------------+-------------+-----------------+-----+-------------+------+-----+----+------+-----+---------+------------------------------------------------------------------------------------+
* Clock Loads column represents the clock pin loads (pin count). Internal cell leaf pins are not counted
** Non-Clock Loads column represents the non-clock pin loads (pin count)
*** Columns FF, LUTRAM, RAMB through 'Hard IP' represents load cell counts



# Location of BUFG Primitives 
set_property LOC BUFGCTRL_X0Y20 [get_cells vc709_fmc_ep_support_i/vc709_fmc_ep_i/inst/gt_top_i/pipe_wrapper_i/cpllpd_refclk_inst]
set_property LOC BUFGCTRL_X0Y17 [get_cells vc709_fmc_ep_support_i/pipe_clock_i/userclk2_i1.usrclk2_i1]
set_property LOC BUFGCTRL_X0Y19 [get_cells vc709_fmc_ep_support_i/pipe_clock_i/userclk1_i1.usrclk1_i1]
set_property LOC BUFGCTRL_X0Y18 [get_cells vc709_fmc_ep_support_i/pipe_clock_i/dclk_i_bufg.dclk_i]
set_property LOC BUFGCTRL_X0Y16 [get_cells vc709_fmc_ep_support_i/pipe_clock_i/pclk_i1_bufgctrl.pclk_i1]

# Location of IO Primitives which is load of clock spine

# Location of clock ports
set_property LOC IPAD_X2Y255 [get_ports sys_clk_n]
set_property LOC IPAD_X2Y254 [get_ports sys_clk_p]

# Clock net "vc709_fmc_ep_support_i/vc709_fmc_ep_i/inst/gt_top_i/pipe_wrapper_i/gt_cpllpdrefclk" driven by instance "vc709_fmc_ep_support_i/vc709_fmc_ep_i/inst/gt_top_i/pipe_wrapper_i/cpllpd_refclk_inst" located at site "BUFGCTRL_X0Y20"
#startgroup
create_pblock {CLKAG_vc709_fmc_ep_support_i/vc709_fmc_ep_i/inst/gt_top_i/pipe_wrapper_i/gt_cpllpdrefclk}
add_cells_to_pblock [get_pblocks  {CLKAG_vc709_fmc_ep_support_i/vc709_fmc_ep_i/inst/gt_top_i/pipe_wrapper_i/gt_cpllpdrefclk}] [get_cells -filter { PRIMITIVE_GROUP != I/O && IS_PRIMITIVE==1 && PRIMITIVE_LEVEL !=INTERNAL } -of_object [get_pins -filter {DIRECTION==IN} -of_objects [get_nets -hierarchical -filter {PARENT=="vc709_fmc_ep_support_i/vc709_fmc_ep_i/inst/gt_top_i/pipe_wrapper_i/gt_cpllpdrefclk"}]]]
resize_pblock [get_pblocks {CLKAG_vc709_fmc_ep_support_i/vc709_fmc_ep_i/inst/gt_top_i/pipe_wrapper_i/gt_cpllpdrefclk}] -add {CLOCKREGION_X1Y7:CLOCKREGION_X1Y7 CLOCKREGION_X1Y8:CLOCKREGION_X1Y8}
#endgroup

# Clock net "vc709_fmc_ep_support_i/pipe_clock_i/pipe_userclk2_in" driven by instance "vc709_fmc_ep_support_i/pipe_clock_i/userclk2_i1.usrclk2_i1" located at site "BUFGCTRL_X0Y17"
#startgroup
create_pblock {CLKAG_vc709_fmc_ep_support_i/pipe_clock_i/pipe_userclk2_in}
add_cells_to_pblock [get_pblocks  {CLKAG_vc709_fmc_ep_support_i/pipe_clock_i/pipe_userclk2_in}] [get_cells -filter { PRIMITIVE_GROUP != I/O && IS_PRIMITIVE==1 && PRIMITIVE_LEVEL !=INTERNAL } -of_object [get_pins -filter {DIRECTION==IN} -of_objects [get_nets -hierarchical -filter {PARENT=="vc709_fmc_ep_support_i/pipe_clock_i/pipe_userclk2_in"}]]]
resize_pblock [get_pblocks {CLKAG_vc709_fmc_ep_support_i/pipe_clock_i/pipe_userclk2_in}] -add {CLOCKREGION_X1Y4:CLOCKREGION_X1Y4 CLOCKREGION_X1Y5:CLOCKREGION_X1Y5 CLOCKREGION_X1Y6:CLOCKREGION_X1Y6}
#endgroup

# Clock net "vc709_fmc_ep_support_i/pipe_clock_i/pipe_userclk1_in" driven by instance "vc709_fmc_ep_support_i/pipe_clock_i/userclk1_i1.usrclk1_i1" located at site "BUFGCTRL_X0Y19"
#startgroup
create_pblock {CLKAG_vc709_fmc_ep_support_i/pipe_clock_i/pipe_userclk1_in}
add_cells_to_pblock [get_pblocks  {CLKAG_vc709_fmc_ep_support_i/pipe_clock_i/pipe_userclk1_in}] [get_cells -filter { PRIMITIVE_GROUP != I/O && IS_PRIMITIVE==1 && PRIMITIVE_LEVEL !=INTERNAL } -of_object [get_pins -filter {DIRECTION==IN} -of_objects [get_nets -hierarchical -filter {PARENT=="vc709_fmc_ep_support_i/pipe_clock_i/pipe_userclk1_in"}]]]
resize_pblock [get_pblocks {CLKAG_vc709_fmc_ep_support_i/pipe_clock_i/pipe_userclk1_in}] -add {CLOCKREGION_X1Y4:CLOCKREGION_X1Y4 CLOCKREGION_X1Y5:CLOCKREGION_X1Y5}
#endgroup

# Clock net "vc709_fmc_ep_support_i/pipe_clock_i/pipe_dclk_in" driven by instance "vc709_fmc_ep_support_i/pipe_clock_i/dclk_i_bufg.dclk_i" located at site "BUFGCTRL_X0Y18"
#startgroup
create_pblock {CLKAG_vc709_fmc_ep_support_i/pipe_clock_i/pipe_dclk_in}
add_cells_to_pblock [get_pblocks  {CLKAG_vc709_fmc_ep_support_i/pipe_clock_i/pipe_dclk_in}] [get_cells -filter { PRIMITIVE_GROUP != I/O && IS_PRIMITIVE==1 && PRIMITIVE_LEVEL !=INTERNAL } -of_object [get_pins -filter {DIRECTION==IN} -of_objects [get_nets -hierarchical -filter {PARENT=="vc709_fmc_ep_support_i/pipe_clock_i/pipe_dclk_in"}]]]
resize_pblock [get_pblocks {CLKAG_vc709_fmc_ep_support_i/pipe_clock_i/pipe_dclk_in}] -add {CLOCKREGION_X1Y6:CLOCKREGION_X1Y6 CLOCKREGION_X1Y7:CLOCKREGION_X1Y7 CLOCKREGION_X1Y8:CLOCKREGION_X1Y8}
#endgroup

# Clock net "vc709_fmc_ep_support_i/pipe_clock_i/pclk_i1_bufgctrl.pclk_i1_0" driven by instance "vc709_fmc_ep_support_i/pipe_clock_i/pclk_i1_bufgctrl.pclk_i1" located at site "BUFGCTRL_X0Y16"
#startgroup
create_pblock {CLKAG_vc709_fmc_ep_support_i/pipe_clock_i/pclk_i1_bufgctrl.pclk_i1_0}
add_cells_to_pblock [get_pblocks  {CLKAG_vc709_fmc_ep_support_i/pipe_clock_i/pclk_i1_bufgctrl.pclk_i1_0}] [get_cells -filter { PRIMITIVE_GROUP != I/O && IS_PRIMITIVE==1 && PRIMITIVE_LEVEL !=INTERNAL } -of_object [get_pins -filter {DIRECTION==IN} -of_objects [get_nets -hierarchical -filter {PARENT=="vc709_fmc_ep_support_i/pipe_clock_i/pclk_i1_bufgctrl.pclk_i1_0"}]]]
resize_pblock [get_pblocks {CLKAG_vc709_fmc_ep_support_i/pipe_clock_i/pclk_i1_bufgctrl.pclk_i1_0}] -add {CLOCKREGION_X1Y4:CLOCKREGION_X1Y4 CLOCKREGION_X1Y5:CLOCKREGION_X1Y5 CLOCKREGION_X1Y6:CLOCKREGION_X1Y6 CLOCKREGION_X1Y7:CLOCKREGION_X1Y7 CLOCKREGION_X1Y8:CLOCKREGION_X1Y8}
#endgroup
